2023-08-03 20:35:50,693 INFO wrapper: {'args': (5, 5), 'result': 10}
2023-08-03 20:35:50,693 INFO wrapper: {'args': (10, -20), 'result': -10}
2023-08-03 20:35:50,693 INFO wrapper: {'args': (0, 4), 'result': 4}
2023-08-03 20:38:56,443 INFO wrapper: {'args': (5, 5), 'result': 10}
2023-08-03 20:38:56,443 INFO wrapper: {'args': (10, -20), 'result': -10}
2023-08-03 20:38:56,443 ERROR wrapper: ERORR! args=(0, 4, 15)
2023-08-03 20:40:18,338 INFO wrapper: {'args': (5, 5), 'result': 10}
2023-08-03 20:40:18,338 INFO wrapper: {'args': (10, -20), 'result': -10}
2023-08-03 20:40:18,338 ERROR wrapper: ERORR! args=(0, 4, 15)
2023-08-03 20:41:02,492 INFO wrapper: {'args': (5, 5), 'result': 10}
2023-08-03 20:41:02,492 INFO wrapper: {'args': (10, -20), 'result': -10}
2023-08-03 20:41:02,493 ERROR wrapper: ERORR! args=(0, 4, 15)
2023-08-03 20:42:52,846 INFO wrapper: {'funcname': 'sfunc', 'args': (5, 5), 'result': 10}
2023-08-03 20:42:52,846 INFO wrapper: {'funcname': 'sfunc', 'args': (10, -20), 'result': -10}
2023-08-03 20:42:52,847 ERROR wrapper: ERORR! args=(0, 4, 15), sfunc
2023-08-03 21:10:33,424 INFO wrapper: {'funcname': 'sfunc', 'args': (5, 5), 'result': 10}
2023-08-03 21:10:33,424 INFO wrapper: {'funcname': 'sfunc', 'args': (10, -20), 'result': -10}
2023-08-03 21:10:33,424 ERROR wrapper: ERORR! args=(0, 4, 15), sfunc
2023-08-16 17:11:21,225 INFO wrapper: {'funcname': 'sfunc', 'args': (5, 5), 'result': 10}
2023-08-16 17:11:21,225 INFO wrapper: {'funcname': 'sfunc', 'args': (10, -20), 'result': -10}
2023-08-16 17:11:21,225 ERROR wrapper: ERORR! args=(0, 4, 15), sfunc
