2023-08-03 21:14:43,017 INFO wrapper: {'funcname': 'func_date', 'args': ('1-й четверг ноября',), 'result': datetime.datetime(2023, 10, 5, 0, 0)}
2023-08-03 21:14:43,017 INFO wrapper: {'funcname': 'func_date', 'args': ('2-ая среда августа',), 'result': datetime.datetime(2023, 7, 12, 0, 0)}
2023-08-03 21:15:30,454 INFO wrapper: {'funcname': 'func_date', 'args': ('1-й четверг ноября',), 'result': datetime.datetime(2023, 11, 2, 0, 0)}
2023-08-03 21:15:30,454 INFO wrapper: {'funcname': 'func_date', 'args': ('2-ая среда августа',), 'result': datetime.datetime(2023, 8, 9, 0, 0)}
2023-08-03 21:22:39,195 INFO wrapper: {'funcname': 'func_date', 'args': ('1-й четверг ноября',), 'result': datetime.datetime(2023, 11, 2, 0, 0)}
2023-08-03 21:22:39,201 INFO wrapper: {'funcname': 'func_date', 'args': ('2-ая среда августа',), 'result': datetime.datetime(2023, 8, 9, 0, 0)}
2023-08-03 21:22:39,201 ERROR wrapper: ERORR! args=('10-ая среда августа',), func_date
2023-08-03 21:22:39,202 ERROR wrapper: ERORR! args=('2-ая среда авгус',), func_date
2023-08-03 21:22:39,202 ERROR wrapper: ERORR! args=('вторая среда августа',), func_date
2023-08-03 21:22:39,202 ERROR wrapper: ERORR! args=('2-ая сред августа',), func_date
2023-08-03 21:24:31,580 INFO wrapper: {'funcname': 'func_date', 'args': ('1-й четверг ноября',), 'result': datetime.datetime(2023, 11, 2, 0, 0)}
2023-08-03 21:24:31,580 INFO wrapper: {'funcname': 'func_date', 'args': ('2-ая среда августа',), 'result': datetime.datetime(2023, 8, 9, 0, 0)}
2023-08-03 21:24:31,582 ERROR wrapper: ERORR! args=('10-ая среда августа',), func_date
2023-08-03 21:24:31,582 ERROR wrapper: ERORR! args=('2-ая среда авгус',), func_date
2023-08-03 21:24:31,582 ERROR wrapper: ERORR! args=('втор-ая среда августа',), func_date
2023-08-03 21:24:31,582 ERROR wrapper: ERORR! args=('2-ая сред августа',), func_date
2023-08-03 21:26:33,433 INFO wrapper: {'funcname': 'func_date', 'args': ('1-й четверг ноября',), 'result': datetime.datetime(2023, 11, 2, 0, 0)}
2023-08-03 21:26:33,434 INFO wrapper: {'funcname': 'func_date', 'args': ('2-ая среда августа',), 'result': datetime.datetime(2023, 8, 9, 0, 0)}
2023-08-03 21:26:33,434 ERROR func_date: ERORR! no date 10-ая среда августа, func_date
2023-08-03 21:26:33,436 INFO wrapper: {'funcname': 'func_date', 'args': ('10-ая среда августа',), 'result': None}
2023-08-03 21:26:33,436 ERROR func_date: ERORR! date_list[2]=авгус, func_date
2023-08-03 21:26:33,436 INFO wrapper: {'funcname': 'func_date', 'args': ('2-ая среда авгус',), 'result': None}
2023-08-03 21:26:33,436 ERROR func_date: ERORR! date_list[0]=втор-ая, func_date
2023-08-03 21:26:33,436 INFO wrapper: {'funcname': 'func_date', 'args': ('втор-ая среда августа',), 'result': None}
2023-08-03 21:26:33,437 ERROR func_date: ERORR! date_list[1]=сред, func_date
2023-08-03 21:26:33,437 INFO wrapper: {'funcname': 'func_date', 'args': ('2-ая сред августа',), 'result': None}
2023-08-03 21:46:17,550 INFO wrapper: {'funcname': 'func_date', 'args': ('2 среда августа',), 'result': datetime.datetime(2023, 8, 9, 0, 0)}
2023-08-16 17:27:07,552 INFO wrapper: {'funcname': 'func_date', 'args': ('1 2 8',), 'result': datetime.datetime(2023, 8, 2, 0, 0)}
2023-08-16 17:27:59,662 INFO wrapper: {'funcname': 'func_date', 'args': ('2 среда августа',), 'result': datetime.datetime(2023, 8, 9, 0, 0)}
2023-08-16 17:37:25,677 INFO wrapper: {'funcname': 'func_date', 'args': ('1 2 8',), 'result': datetime.datetime(2023, 8, 2, 0, 0)}
